<?xml version="1.0" encoding="UTF-8"?>
<testsuite xmlns:xsi="http://www.w3.org/2001/XMLSchema-instance" xsi:noNamespaceSchemaLocation="https://maven.apache.org/surefire/maven-surefire-plugin/xsd/surefire-test-report.xsd" name="com.github.mauricioaniche.ck.NumberOfStringsTest" time="0.008" tests="2" errors="0" skipped="0" failures="0">
  <properties>
    <property name="java.specification.version" value="17"/>
    <property name="sun.cpu.isalist" value="amd64"/>
    <property name="sun.jnu.encoding" value="Cp1252"/>
    <property name="java.class.path" value="C:\Users\pedri\Documents\LABMining\ck\target\test-classes;C:\Users\pedri\Documents\LABMining\ck\target\classes;C:\Users\pedri\.m2\repository\org\assertj\assertj-core\3.20.2\assertj-core-3.20.2.jar;C:\Users\pedri\.m2\repository\org\eclipse\jgit\org.eclipse.jgit\5.12.0.202106070339-r\org.eclipse.jgit-5.12.0.202106070339-r.jar;C:\Users\pedri\.m2\repository\com\googlecode\javaewah\JavaEWAH\1.1.7\JavaEWAH-1.1.7.jar;C:\Users\pedri\.m2\repository\org\slf4j\slf4j-api\1.7.30\slf4j-api-1.7.30.jar;C:\Users\pedri\.m2\repository\org\junit\jupiter\junit-jupiter-engine\5.8.0-M1\junit-jupiter-engine-5.8.0-M1.jar;C:\Users\pedri\.m2\repository\org\apiguardian\apiguardian-api\1.1.1\apiguardian-api-1.1.1.jar;C:\Users\pedri\.m2\repository\org\junit\platform\junit-platform-engine\1.8.0-M1\junit-platform-engine-1.8.0-M1.jar;C:\Users\pedri\.m2\repository\org\opentest4j\opentest4j\1.2.0\opentest4j-1.2.0.jar;C:\Users\pedri\.m2\repository\org\junit\platform\junit-platform-commons\1.8.0-M1\junit-platform-commons-1.8.0-M1.jar;C:\Users\pedri\.m2\repository\org\junit\jupiter\junit-jupiter-api\5.8.0-M1\junit-jupiter-api-5.8.0-M1.jar;C:\Users\pedri\.m2\repository\org\jetbrains\kotlin\kotlin-stdlib-jdk8\1.4.20\kotlin-stdlib-jdk8-1.4.20.jar;C:\Users\pedri\.m2\repository\org\jetbrains\kotlin\kotlin-stdlib\1.4.20\kotlin-stdlib-1.4.20.jar;C:\Users\pedri\.m2\repository\org\jetbrains\kotlin\kotlin-stdlib-common\1.4.20\kotlin-stdlib-common-1.4.20.jar;C:\Users\pedri\.m2\repository\org\jetbrains\annotations\13.0\annotations-13.0.jar;C:\Users\pedri\.m2\repository\org\jetbrains\kotlin\kotlin-stdlib-jdk7\1.4.20\kotlin-stdlib-jdk7-1.4.20.jar;C:\Users\pedri\.m2\repository\org\junit\jupiter\junit-jupiter-params\5.8.0-M1\junit-jupiter-params-5.8.0-M1.jar;C:\Users\pedri\.m2\repository\org\reflections\reflections\0.9.12\reflections-0.9.12.jar;C:\Users\pedri\.m2\repository\org\javassist\javassist\3.26.0-GA\javassist-3.26.0-GA.jar;C:\Users\pedri\.m2\repository\org\eclipse\jdt\org.eclipse.jdt.core\3.26.0\org.eclipse.jdt.core-3.26.0.jar;C:\Users\pedri\.m2\repository\org\eclipse\platform\org.eclipse.core.resources\3.16.100\org.eclipse.core.resources-3.16.100.jar;C:\Users\pedri\.m2\repository\org\eclipse\platform\org.eclipse.core.expressions\3.8.100\org.eclipse.core.expressions-3.8.100.jar;C:\Users\pedri\.m2\repository\org\eclipse\platform\org.eclipse.core.runtime\3.24.100\org.eclipse.core.runtime-3.24.100.jar;C:\Users\pedri\.m2\repository\org\eclipse\platform\org.eclipse.osgi\3.17.200\org.eclipse.osgi-3.17.200.jar;C:\Users\pedri\.m2\repository\org\eclipse\platform\org.eclipse.equinox.common\3.16.0\org.eclipse.equinox.common-3.16.0.jar;C:\Users\pedri\.m2\repository\org\eclipse\platform\org.eclipse.core.jobs\3.12.100\org.eclipse.core.jobs-3.12.100.jar;C:\Users\pedri\.m2\repository\org\eclipse\platform\org.eclipse.equinox.registry\3.11.100\org.eclipse.equinox.registry-3.11.100.jar;C:\Users\pedri\.m2\repository\org\eclipse\platform\org.eclipse.equinox.preferences\3.9.100\org.eclipse.equinox.preferences-3.9.100.jar;C:\Users\pedri\.m2\repository\org\eclipse\platform\org.eclipse.core.contenttype\3.8.100\org.eclipse.core.contenttype-3.8.100.jar;C:\Users\pedri\.m2\repository\org\eclipse\platform\org.eclipse.equinox.app\1.6.100\org.eclipse.equinox.app-1.6.100.jar;C:\Users\pedri\.m2\repository\org\eclipse\platform\org.eclipse.core.filesystem\1.9.300\org.eclipse.core.filesystem-1.9.300.jar;C:\Users\pedri\.m2\repository\org\eclipse\platform\org.eclipse.text\3.12.0\org.eclipse.text-3.12.0.jar;C:\Users\pedri\.m2\repository\org\eclipse\platform\org.eclipse.core.commands\3.10.100\org.eclipse.core.commands-3.10.100.jar;C:\Users\pedri\.m2\repository\com\google\guava\guava\30.1.1-jre\guava-30.1.1-jre.jar;C:\Users\pedri\.m2\repository\com\google\guava\failureaccess\1.0.1\failureaccess-1.0.1.jar;C:\Users\pedri\.m2\repository\com\google\guava\listenablefuture\9999.0-empty-to-avoid-conflict-with-guava\listenablefuture-9999.0-empty-to-avoid-conflict-with-guava.jar;C:\Users\pedri\.m2\repository\com\google\code\findbugs\jsr305\3.0.2\jsr305-3.0.2.jar;C:\Users\pedri\.m2\repository\org\checkerframework\checker-qual\3.8.0\checker-qual-3.8.0.jar;C:\Users\pedri\.m2\repository\com\google\errorprone\error_prone_annotations\2.5.1\error_prone_annotations-2.5.1.jar;C:\Users\pedri\.m2\repository\com\google\j2objc\j2objc-annotations\1.3\j2objc-annotations-1.3.jar;C:\Users\pedri\.m2\repository\org\slf4j\slf4j-log4j12\1.7.30\slf4j-log4j12-1.7.30.jar;C:\Users\pedri\.m2\repository\log4j\log4j\1.2.17\log4j-1.2.17.jar;C:\Users\pedri\.m2\repository\commons-io\commons-io\2.10.0\commons-io-2.10.0.jar;C:\Users\pedri\.m2\repository\org\apache\commons\commons-lang3\3.12.0\commons-lang3-3.12.0.jar;C:\Users\pedri\.m2\repository\org\apache\commons\commons-csv\1.8\commons-csv-1.8.jar;"/>
    <property name="java.vm.vendor" value="Oracle Corporation"/>
    <property name="sun.arch.data.model" value="64"/>
    <property name="user.variant" value=""/>
    <property name="java.vendor.url" value="https://java.oracle.com/"/>
    <property name="user.timezone" value="America/Sao_Paulo"/>
    <property name="os.name" value="Windows 10"/>
    <property name="java.vm.specification.version" value="17"/>
    <property name="sun.java.launcher" value="SUN_STANDARD"/>
    <property name="user.country" value="BR"/>
    <property name="sun.boot.library.path" value="C:\Program Files\Java\jdk-17.0.2\bin"/>
    <property name="sun.java.command" value="C:\Users\pedri\AppData\Local\Temp\surefire6605208161399022058\surefirebooter11600052692243395518.jar C:\Users\pedri\AppData\Local\Temp\surefire6605208161399022058 2022-03-18T19-48-13_550-jvmRun1 surefire1007417939654527383tmp surefire_02793778059816461261tmp"/>
    <property name="jdk.debug" value="release"/>
    <property name="surefire.test.class.path" value="C:\Users\pedri\Documents\LABMining\ck\target\test-classes;C:\Users\pedri\Documents\LABMining\ck\target\classes;C:\Users\pedri\.m2\repository\org\assertj\assertj-core\3.20.2\assertj-core-3.20.2.jar;C:\Users\pedri\.m2\repository\org\eclipse\jgit\org.eclipse.jgit\5.12.0.202106070339-r\org.eclipse.jgit-5.12.0.202106070339-r.jar;C:\Users\pedri\.m2\repository\com\googlecode\javaewah\JavaEWAH\1.1.7\JavaEWAH-1.1.7.jar;C:\Users\pedri\.m2\repository\org\slf4j\slf4j-api\1.7.30\slf4j-api-1.7.30.jar;C:\Users\pedri\.m2\repository\org\junit\jupiter\junit-jupiter-engine\5.8.0-M1\junit-jupiter-engine-5.8.0-M1.jar;C:\Users\pedri\.m2\repository\org\apiguardian\apiguardian-api\1.1.1\apiguardian-api-1.1.1.jar;C:\Users\pedri\.m2\repository\org\junit\platform\junit-platform-engine\1.8.0-M1\junit-platform-engine-1.8.0-M1.jar;C:\Users\pedri\.m2\repository\org\opentest4j\opentest4j\1.2.0\opentest4j-1.2.0.jar;C:\Users\pedri\.m2\repository\org\junit\platform\junit-platform-commons\1.8.0-M1\junit-platform-commons-1.8.0-M1.jar;C:\Users\pedri\.m2\repository\org\junit\jupiter\junit-jupiter-api\5.8.0-M1\junit-jupiter-api-5.8.0-M1.jar;C:\Users\pedri\.m2\repository\org\jetbrains\kotlin\kotlin-stdlib-jdk8\1.4.20\kotlin-stdlib-jdk8-1.4.20.jar;C:\Users\pedri\.m2\repository\org\jetbrains\kotlin\kotlin-stdlib\1.4.20\kotlin-stdlib-1.4.20.jar;C:\Users\pedri\.m2\repository\org\jetbrains\kotlin\kotlin-stdlib-common\1.4.20\kotlin-stdlib-common-1.4.20.jar;C:\Users\pedri\.m2\repository\org\jetbrains\annotations\13.0\annotations-13.0.jar;C:\Users\pedri\.m2\repository\org\jetbrains\kotlin\kotlin-stdlib-jdk7\1.4.20\kotlin-stdlib-jdk7-1.4.20.jar;C:\Users\pedri\.m2\repository\org\junit\jupiter\junit-jupiter-params\5.8.0-M1\junit-jupiter-params-5.8.0-M1.jar;C:\Users\pedri\.m2\repository\org\reflections\reflections\0.9.12\reflections-0.9.12.jar;C:\Users\pedri\.m2\repository\org\javassist\javassist\3.26.0-GA\javassist-3.26.0-GA.jar;C:\Users\pedri\.m2\repository\org\eclipse\jdt\org.eclipse.jdt.core\3.26.0\org.eclipse.jdt.core-3.26.0.jar;C:\Users\pedri\.m2\repository\org\eclipse\platform\org.eclipse.core.resources\3.16.100\org.eclipse.core.resources-3.16.100.jar;C:\Users\pedri\.m2\repository\org\eclipse\platform\org.eclipse.core.expressions\3.8.100\org.eclipse.core.expressions-3.8.100.jar;C:\Users\pedri\.m2\repository\org\eclipse\platform\org.eclipse.core.runtime\3.24.100\org.eclipse.core.runtime-3.24.100.jar;C:\Users\pedri\.m2\repository\org\eclipse\platform\org.eclipse.osgi\3.17.200\org.eclipse.osgi-3.17.200.jar;C:\Users\pedri\.m2\repository\org\eclipse\platform\org.eclipse.equinox.common\3.16.0\org.eclipse.equinox.common-3.16.0.jar;C:\Users\pedri\.m2\repository\org\eclipse\platform\org.eclipse.core.jobs\3.12.100\org.eclipse.core.jobs-3.12.100.jar;C:\Users\pedri\.m2\repository\org\eclipse\platform\org.eclipse.equinox.registry\3.11.100\org.eclipse.equinox.registry-3.11.100.jar;C:\Users\pedri\.m2\repository\org\eclipse\platform\org.eclipse.equinox.preferences\3.9.100\org.eclipse.equinox.preferences-3.9.100.jar;C:\Users\pedri\.m2\repository\org\eclipse\platform\org.eclipse.core.contenttype\3.8.100\org.eclipse.core.contenttype-3.8.100.jar;C:\Users\pedri\.m2\repository\org\eclipse\platform\org.eclipse.equinox.app\1.6.100\org.eclipse.equinox.app-1.6.100.jar;C:\Users\pedri\.m2\repository\org\eclipse\platform\org.eclipse.core.filesystem\1.9.300\org.eclipse.core.filesystem-1.9.300.jar;C:\Users\pedri\.m2\repository\org\eclipse\platform\org.eclipse.text\3.12.0\org.eclipse.text-3.12.0.jar;C:\Users\pedri\.m2\repository\org\eclipse\platform\org.eclipse.core.commands\3.10.100\org.eclipse.core.commands-3.10.100.jar;C:\Users\pedri\.m2\repository\com\google\guava\guava\30.1.1-jre\guava-30.1.1-jre.jar;C:\Users\pedri\.m2\repository\com\google\guava\failureaccess\1.0.1\failureaccess-1.0.1.jar;C:\Users\pedri\.m2\repository\com\google\guava\listenablefuture\9999.0-empty-to-avoid-conflict-with-guava\listenablefuture-9999.0-empty-to-avoid-conflict-with-guava.jar;C:\Users\pedri\.m2\repository\com\google\code\findbugs\jsr305\3.0.2\jsr305-3.0.2.jar;C:\Users\pedri\.m2\repository\org\checkerframework\checker-qual\3.8.0\checker-qual-3.8.0.jar;C:\Users\pedri\.m2\repository\com\google\errorprone\error_prone_annotations\2.5.1\error_prone_annotations-2.5.1.jar;C:\Users\pedri\.m2\repository\com\google\j2objc\j2objc-annotations\1.3\j2objc-annotations-1.3.jar;C:\Users\pedri\.m2\repository\org\slf4j\slf4j-log4j12\1.7.30\slf4j-log4j12-1.7.30.jar;C:\Users\pedri\.m2\repository\log4j\log4j\1.2.17\log4j-1.2.17.jar;C:\Users\pedri\.m2\repository\commons-io\commons-io\2.10.0\commons-io-2.10.0.jar;C:\Users\pedri\.m2\repository\org\apache\commons\commons-lang3\3.12.0\commons-lang3-3.12.0.jar;C:\Users\pedri\.m2\repository\org\apache\commons\commons-csv\1.8\commons-csv-1.8.jar;"/>
    <property name="sun.cpu.endian" value="little"/>
    <property name="user.home" value="C:\Users\pedri"/>
    <property name="user.language" value="pt"/>
    <property name="java.specification.vendor" value="Oracle Corporation"/>
    <property name="java.version.date" value="2022-01-18"/>
    <property name="java.home" value="C:\Program Files\Java\jdk-17.0.2"/>
    <property name="file.separator" value="\"/>
    <property name="basedir" value="C:\Users\pedri\Documents\LABMining\ck"/>
    <property name="java.vm.compressedOopsMode" value="Zero based"/>
    <property name="line.separator" value="&#10;"/>
    <property name="java.vm.specification.vendor" value="Oracle Corporation"/>
    <property name="java.specification.name" value="Java Platform API Specification"/>
    <property name="surefire.real.class.path" value="C:\Users\pedri\AppData\Local\Temp\surefire6605208161399022058\surefirebooter11600052692243395518.jar"/>
    <property name="user.script" value=""/>
    <property name="sun.management.compiler" value="HotSpot 64-Bit Tiered Compilers"/>
    <property name="java.runtime.version" value="17.0.2+8-LTS-86"/>
    <property name="user.name" value="pedri"/>
    <property name="path.separator" value=";"/>
    <property name="os.version" value="10.0"/>
    <property name="java.runtime.name" value="Java(TM) SE Runtime Environment"/>
    <property name="file.encoding" value="Cp1252"/>
    <property name="java.vm.name" value="Java HotSpot(TM) 64-Bit Server VM"/>
    <property name="localRepository" value="C:\Users\pedri\.m2\repository"/>
    <property name="java.vendor.url.bug" value="https://bugreport.java.com/bugreport/"/>
    <property name="java.io.tmpdir" value="C:\Users\pedri\AppData\Local\Temp\"/>
    <property name="java.version" value="17.0.2"/>
    <property name="user.dir" value="C:\Users\pedri\Documents\LABMining\ck"/>
    <property name="os.arch" value="amd64"/>
    <property name="java.vm.specification.name" value="Java Virtual Machine Specification"/>
    <property name="sun.os.patch.level" value=""/>
    <property name="native.encoding" value="Cp1252"/>
    <property name="java.library.path" value="C:\Program Files\Java\jdk-17.0.2\bin;C:\WINDOWS\Sun\Java\bin;C:\WINDOWS\system32;C:\WINDOWS;C:\Users\pedri\bin;C:\Program Files\Git\mingw64\bin;C:\Program Files\Git\usr\local\bin;C:\Program Files\Git\usr\bin;C:\Program Files\Git\usr\bin;C:\Program Files\Git\mingw64\bin;C:\Program Files\Git\usr\bin;C:\Users\pedri\bin;C:\Program Files\Common Files\Oracle\Java\javapath;C:\Program Files\Python310\Scripts;C:\Program Files\Python310;C:\WINDOWS\system32;C:\WINDOWS;C:\WINDOWS\System32\Wbem;C:\WINDOWS\System32\WindowsPowerShell\v1.0;C:\WINDOWS\System32\OpenSSH;C:\Program Files\Git\cmd;C:\Program Files\nodejs;C:\Program Files (x86)\apache-maven-3.8.5\bin;C:\Program Files\Java\jdk-17.0.2\bin;C:\Users\pedri\AppData\Local\Microsoft\WindowsApps;C:\Users\pedri\AppData\Local\Programs\Microsoft VS Code\bin;C:\Users\pedri\AppData\Roaming\npm;C:\Program Files\heroku\bin;C:\Program Files\Git\usr\bin\vendor_perl;C:\Program Files\Git\usr\bin\core_perl;."/>
    <property name="java.vm.info" value="mixed mode, sharing"/>
    <property name="java.vendor" value="Oracle Corporation"/>
    <property name="java.vm.version" value="17.0.2+8-LTS-86"/>
    <property name="sun.io.unicode.encoding" value="UnicodeLittle"/>
    <property name="java.class.version" value="61.0"/>
  </properties>
  <testcase name="checkNulls" classname="com.github.mauricioaniche.ck.NumberOfStringsTest" time="0"/>
  <testcase name="count" classname="com.github.mauricioaniche.ck.NumberOfStringsTest" time="0"/>
</testsuite>